<?xml version="1.0" encoding="UTF-8"?>
<testng-results ignored="0" total="1" passed="1" failed="0" skipped="0">
  <reporter-output>
  </reporter-output>
  <suite started-at="2022-03-31T00:24:54 IST" name="Default suite" finished-at="2022-03-31T00:25:09 IST" duration-ms="15020">
    <groups>
    </groups>
    <test started-at="2022-03-31T00:24:54 IST" name="Default test" finished-at="2022-03-31T00:25:09 IST" duration-ms="15020">
      <class name="com.simplilearn.AutomationRegLogJekins.SearchBarTest">
        <test-method is-config="true" signature="testSetup()[pri:0, instance:com.simplilearn.AutomationRegLogJekins.SearchBarTest@6fdbe764]" started-at="2022-03-31T00:24:54 IST" name="testSetup" finished-at="2022-03-31T00:24:59 IST" duration-ms="4866" status="PASS">
          <reporter-output>
          </reporter-output>
        </test-method> <!-- testSetup -->
        <test-method is-config="true" signature="openBrowser()[pri:0, instance:com.simplilearn.AutomationRegLogJekins.SearchBarTest@6fdbe764]" started-at="2022-03-31T00:24:59 IST" name="openBrowser" finished-at="2022-03-31T00:25:08 IST" duration-ms="8865" status="PASS">
          <reporter-output>
          </reporter-output>
        </test-method> <!-- openBrowser -->
        <test-method signature="SearchBar()[pri:0, instance:com.simplilearn.AutomationRegLogJekins.SearchBarTest@6fdbe764]" started-at="2022-03-31T00:25:08 IST" name="SearchBar" description="This method validates the searchbar functionality" finished-at="2022-03-31T00:25:08 IST" duration-ms="331" status="PASS">
          <reporter-output>
          </reporter-output>
        </test-method> <!-- SearchBar -->
        <test-method is-config="true" signature="postSearchBar()[pri:0, instance:com.simplilearn.AutomationRegLogJekins.SearchBarTest@6fdbe764]" started-at="2022-03-31T00:25:08 IST" name="postSearchBar" finished-at="2022-03-31T00:25:08 IST" duration-ms="117" status="PASS">
          <reporter-output>
          </reporter-output>
        </test-method> <!-- postSearchBar -->
        <test-method is-config="true" signature="afterClass()[pri:0, instance:com.simplilearn.AutomationRegLogJekins.SearchBarTest@6fdbe764]" started-at="2022-03-31T00:25:08 IST" name="afterClass" finished-at="2022-03-31T00:25:09 IST" duration-ms="710" status="PASS">
          <reporter-output>
          </reporter-output>
        </test-method> <!-- afterClass -->
      </class> <!-- com.simplilearn.AutomationRegLogJekins.SearchBarTest -->
    </test> <!-- Default test -->
  </suite> <!-- Default suite -->
</testng-results>
